[debug] [2025-04-14T19:41:12.362Z] ----------------------------------------------------------------------
[debug] [2025-04-14T19:41:12.363Z] Command:       /Users/asl/.nvm/versions/node/v22.4.1/bin/node /Users/asl/.nvm/versions/node/v22.4.1/bin/firebase projects:create plantguardai-app --display-name=Plant Guard AI
[debug] [2025-04-14T19:41:12.363Z] CLI Version:   14.1.0
[debug] [2025-04-14T19:41:12.363Z] Platform:      darwin
[debug] [2025-04-14T19:41:12.363Z] Node Version:  v22.4.1
[debug] [2025-04-14T19:41:12.364Z] Time:          Tue Apr 15 2025 01:11:12 GMT+0530 (India Standard Time)
[debug] [2025-04-14T19:41:12.364Z] ----------------------------------------------------------------------
[debug] 
[debug] [2025-04-14T19:41:12.367Z] > command requires scopes: ["email","openid","https://www.googleapis.com/auth/cloudplatformprojects.readonly","https://www.googleapis.com/auth/firebase","https://www.googleapis.com/auth/cloud-platform"]
[debug] [2025-04-14T19:41:12.367Z] > authorizing via signed-in user (singhaman200206@gmail.com)
[debug] [2025-04-14T19:41:12.370Z] Checked if tokens are valid: true, expires at: 1744662917063
[debug] [2025-04-14T19:41:12.371Z] Checked if tokens are valid: true, expires at: 1744662917063
[debug] [2025-04-14T19:41:12.371Z] >>> [apiv2][query] POST https://cloudresourcemanager.googleapis.com/v1/projects [none]
[debug] [2025-04-14T19:41:12.371Z] >>> [apiv2][body] POST https://cloudresourcemanager.googleapis.com/v1/projects {"projectId":"plantguardai-app","name":"Plant Guard AI"}
[debug] [2025-04-14T19:41:14.131Z] <<< [apiv2][status] POST https://cloudresourcemanager.googleapis.com/v1/projects 200
[debug] [2025-04-14T19:41:14.131Z] <<< [apiv2][body] POST https://cloudresourcemanager.googleapis.com/v1/projects {"name":"operations/create_project.global.8317615521870397714"}
[debug] [2025-04-14T19:41:14.131Z] Checked if tokens are valid: true, expires at: 1744662917063
[debug] [2025-04-14T19:41:14.132Z] Checked if tokens are valid: true, expires at: 1744662917063
[debug] [2025-04-14T19:41:14.132Z] >>> [apiv2][query] GET https://cloudresourcemanager.googleapis.com/v1/operations/create_project.global.8317615521870397714 [none]
[debug] [2025-04-14T19:41:15.687Z] <<< [apiv2][status] GET https://cloudresourcemanager.googleapis.com/v1/operations/create_project.global.8317615521870397714 200
[debug] [2025-04-14T19:41:15.688Z] <<< [apiv2][body] GET https://cloudresourcemanager.googleapis.com/v1/operations/create_project.global.8317615521870397714 {"name":"operations/create_project.global.8317615521870397714","metadata":{"@type":"type.googleapis.com/google.cloudresourcemanager.v1.ProjectCreationStatus","gettable":true,"ready":true},"done":true,"response":{"@type":"type.googleapis.com/google.cloudresourcemanager.v1.Project","projectNumber":"719370796835","projectId":"plantguardai-app","lifecycleState":"ACTIVE","name":"Plant Guard AI","createTime":"2025-04-14T19:41:15.039784Z"}}
[debug] [2025-04-14T19:41:15.689Z] Checked if tokens are valid: true, expires at: 1744662917063
[debug] [2025-04-14T19:41:15.689Z] Checked if tokens are valid: true, expires at: 1744662917063
[debug] [2025-04-14T19:41:15.689Z] >>> [apiv2][query] POST https://firebase.googleapis.com/v1beta1/projects/plantguardai-app:addFirebase [none]
[debug] [2025-04-14T19:41:17.736Z] <<< [apiv2][status] POST https://firebase.googleapis.com/v1beta1/projects/plantguardai-app:addFirebase 403
[debug] [2025-04-14T19:41:17.737Z] <<< [apiv2][body] POST https://firebase.googleapis.com/v1beta1/projects/plantguardai-app:addFirebase {"error":{"code":403,"message":"The caller does not have permission","status":"PERMISSION_DENIED"}}
[debug] [2025-04-14T19:41:17.738Z] Request to https://firebase.googleapis.com/v1beta1/projects/plantguardai-app:addFirebase had HTTP Error: 403, The caller does not have permission
[debug] [2025-04-14T19:41:18.027Z] FirebaseError: Request to https://firebase.googleapis.com/v1beta1/projects/plantguardai-app:addFirebase had HTTP Error: 403, The caller does not have permission
    at responseToError (/Users/asl/.nvm/versions/node/v22.4.1/lib/node_modules/firebase-tools/lib/responseToError.js:52:12)
    at RetryOperation._fn (/Users/asl/.nvm/versions/node/v22.4.1/lib/node_modules/firebase-tools/lib/apiv2.js:312:77)
    at process.processTicksAndRejections (node:internal/process/task_queues:95:5)
[error] 
[error] Error: Failed to add Firebase to Google Cloud Platform project. See firebase-debug.log for more info.
