[debug] [2025-04-14T19:39:34.525Z] ----------------------------------------------------------------------
[debug] [2025-04-14T19:39:34.528Z] Command:       /usr/local/bin/firebase /Users/asl/.cache/firebase/tools/lib/node_modules/firebase-tools/lib/bin/firebase projects:create plant-guard-ai --display-name=Plant Guard AI
[debug] [2025-04-14T19:39:34.529Z] CLI Version:   14.1.0
[debug] [2025-04-14T19:39:34.529Z] Platform:      darwin
[debug] [2025-04-14T19:39:34.529Z] Node Version:  v20.18.2
[debug] [2025-04-14T19:39:34.530Z] Time:          Tue Apr 15 2025 01:09:34 GMT+0530 (India Standard Time)
[debug] [2025-04-14T19:39:34.530Z] ----------------------------------------------------------------------
[debug] 
[debug] [2025-04-14T19:39:34.537Z] > command requires scopes: ["email","openid","https://www.googleapis.com/auth/cloudplatformprojects.readonly","https://www.googleapis.com/auth/firebase","https://www.googleapis.com/auth/cloud-platform"]
[debug] [2025-04-14T19:39:34.538Z] > authorizing via signed-in user (singhaman200206@gmail.com)
[debug] [2025-04-14T19:39:34.547Z] Checked if tokens are valid: true, expires at: 1744662917063
[debug] [2025-04-14T19:39:34.547Z] Checked if tokens are valid: true, expires at: 1744662917063
[debug] [2025-04-14T19:39:34.548Z] >>> [apiv2][query] POST https://cloudresourcemanager.googleapis.com/v1/projects [none]
[debug] [2025-04-14T19:39:34.549Z] >>> [apiv2][body] POST https://cloudresourcemanager.googleapis.com/v1/projects {"projectId":"plant-guard-ai","name":"Plant Guard AI"}
[debug] [2025-04-14T19:39:36.924Z] <<< [apiv2][status] POST https://cloudresourcemanager.googleapis.com/v1/projects 200
[debug] [2025-04-14T19:39:36.925Z] <<< [apiv2][body] POST https://cloudresourcemanager.googleapis.com/v1/projects {"name":"operations/create_project.global.6311058855145102064"}
[debug] [2025-04-14T19:39:36.926Z] Checked if tokens are valid: true, expires at: 1744662917063
[debug] [2025-04-14T19:39:36.926Z] Checked if tokens are valid: true, expires at: 1744662917063
[debug] [2025-04-14T19:39:36.927Z] >>> [apiv2][query] GET https://cloudresourcemanager.googleapis.com/v1/operations/create_project.global.6311058855145102064 [none]
[debug] [2025-04-14T19:39:38.589Z] <<< [apiv2][status] GET https://cloudresourcemanager.googleapis.com/v1/operations/create_project.global.6311058855145102064 200
[debug] [2025-04-14T19:39:38.591Z] <<< [apiv2][body] GET https://cloudresourcemanager.googleapis.com/v1/operations/create_project.global.6311058855145102064 {"name":"operations/create_project.global.6311058855145102064","metadata":{"@type":"type.googleapis.com/google.cloudresourcemanager.v1.ProjectCreationStatus","gettable":true,"ready":true},"done":true,"response":{"@type":"type.googleapis.com/google.cloudresourcemanager.v1.Project","projectNumber":"172881314828","projectId":"plant-guard-ai","lifecycleState":"ACTIVE","name":"Plant Guard AI","createTime":"2025-04-14T19:39:37.378148Z"}}
[debug] [2025-04-14T19:39:38.593Z] Checked if tokens are valid: true, expires at: 1744662917063
[debug] [2025-04-14T19:39:38.594Z] Checked if tokens are valid: true, expires at: 1744662917063
[debug] [2025-04-14T19:39:38.594Z] >>> [apiv2][query] POST https://firebase.googleapis.com/v1beta1/projects/plant-guard-ai:addFirebase [none]
[debug] [2025-04-14T19:39:40.351Z] <<< [apiv2][status] POST https://firebase.googleapis.com/v1beta1/projects/plant-guard-ai:addFirebase 403
[debug] [2025-04-14T19:39:40.351Z] <<< [apiv2][body] POST https://firebase.googleapis.com/v1beta1/projects/plant-guard-ai:addFirebase {"error":{"code":403,"message":"The caller does not have permission","status":"PERMISSION_DENIED"}}
[debug] [2025-04-14T19:39:40.355Z] Request to https://firebase.googleapis.com/v1beta1/projects/plant-guard-ai:addFirebase had HTTP Error: 403, The caller does not have permission
[debug] [2025-04-14T19:39:40.644Z] FirebaseError: Request to https://firebase.googleapis.com/v1beta1/projects/plant-guard-ai:addFirebase had HTTP Error: 403, The caller does not have permission
    at responseToError (/Users/asl/.cache/firebase/tools/lib/node_modules/firebase-tools/lib/responseToError.js:52:12)
    at RetryOperation._fn (/Users/asl/.cache/firebase/tools/lib/node_modules/firebase-tools/lib/apiv2.js:312:77)
    at process.processTicksAndRejections (node:internal/process/task_queues:95:5)
[error] 
[error] Error: Failed to add Firebase to Google Cloud Platform project. See firebase-debug.log for more info.
[debug] [2025-04-14T19:39:57.977Z] ----------------------------------------------------------------------
[debug] [2025-04-14T19:39:57.980Z] Command:       /usr/local/bin/firebase /Users/asl/.cache/firebase/tools/lib/node_modules/firebase-tools/lib/bin/firebase apps:create ANDROID com.example.plantguardai --project plant-guard-ai
[debug] [2025-04-14T19:39:57.981Z] CLI Version:   14.1.0
[debug] [2025-04-14T19:39:57.981Z] Platform:      darwin
[debug] [2025-04-14T19:39:57.981Z] Node Version:  v20.18.2
[debug] [2025-04-14T19:39:57.981Z] Time:          Tue Apr 15 2025 01:09:57 GMT+0530 (India Standard Time)
[debug] [2025-04-14T19:39:57.982Z] ----------------------------------------------------------------------
[debug] 
[debug] [2025-04-14T19:39:57.989Z] > command requires scopes: ["email","openid","https://www.googleapis.com/auth/cloudplatformprojects.readonly","https://www.googleapis.com/auth/firebase","https://www.googleapis.com/auth/cloud-platform"]
[debug] [2025-04-14T19:39:57.991Z] > authorizing via signed-in user (singhaman200206@gmail.com)
[info] Create your ANDROID app in project plant-guard-ai:
